<?xml version="1.0" encoding="UTF-8"?>
<!-- Generated by org.testng.reporters.JUnitReportReporter -->
<testsuite skipped="0" hostname="DESKTOP-GK61F68" name="testrunner.Runner" tests="1" failures="0" timestamp="2021-07-19T17:54:52 IST" time="49.572" errors="0">
  <testcase name="runScenario" time="49.572" classname="testrunner.Runner"/>
  <system-out/>
</testsuite> <!-- testrunner.Runner -->
