<?xml version="1.0" encoding="UTF-8"?>
<!-- Generated by org.testng.reporters.JUnitReportReporter -->
<testsuite skipped="0" hostname="DESKTOP-GK61F68" name="testrunner.Runner" tests="1" failures="0" timestamp="2021-07-16T17:21:15 IST" time="48.578" errors="1">
  <testcase name="runScenario" time="48.578" classname="testrunner.Runner">
    <error type="java.lang.NullPointerException">
      <![CDATA[java.lang.NullPointerException
at stepDefinitions.SearchTest.close_the_browser(SearchTest.java:64)
at âœ½.close the browser(file:///C:/Users/Nitheesha/Desktop/User1/E-CommerceBDD/./src/test/java/features/Login.feature:21)
]]>
    </error>
  </testcase> <!-- runScenario -->
  <system-out/>
</testsuite> <!-- testrunner.Runner -->
