<?xml version="1.0" encoding="UTF-8"?>
<!-- Generated by org.testng.reporters.JUnitReportReporter -->
<testsuite skipped="0" hostname="DESKTOP-GK61F68" name="testrunner.Runner" tests="2" failures="0" timestamp="2021-07-29T21:15:07 IST" time="0.934" errors="2">
  <testcase name="runScenario" time="0.789" classname="testrunner.Runner">
    <error type="java.lang.NullPointerException">
      <![CDATA[java.lang.NullPointerException
at hook.Hook.setUp(Hook.java:30)
]]>
    </error>
  </testcase> <!-- runScenario -->
  <system-out/>
  <testcase name="runScenario" time="0.145" classname="testrunner.Runner">
    <error type="java.lang.NullPointerException">
      <![CDATA[java.lang.NullPointerException
at hook.Hook.setUp(Hook.java:30)
]]>
    </error>
  </testcase> <!-- runScenario -->
  <system-out/>
</testsuite> <!-- testrunner.Runner -->
